c:\users\argon\documents\visual studio 2015\projects\vector\vector\debug\vc140.pdb
c:\users\argon\documents\visual studio 2015\projects\vector\vector\debug\vc140.idb
c:\users\argon\documents\visual studio 2015\projects\vector\vector\debug\main.obj
c:\users\argon\documents\visual studio 2015\projects\vector\vector\debug\vector.obj
c:\users\argon\documents\visual studio 2015\projects\vector\debug\vector.pdb
c:\users\argon\documents\visual studio 2015\projects\vector\vector\debug\vector.tlog\cl.command.1.tlog
c:\users\argon\documents\visual studio 2015\projects\vector\vector\debug\vector.tlog\cl.read.1.tlog
c:\users\argon\documents\visual studio 2015\projects\vector\vector\debug\vector.tlog\cl.write.1.tlog
c:\users\argon\documents\visual studio 2015\projects\vector\vector\debug\vector.tlog\link-cvtres.read.1.tlog
c:\users\argon\documents\visual studio 2015\projects\vector\vector\debug\vector.tlog\link-cvtres.write.1.tlog
c:\users\argon\documents\visual studio 2015\projects\vector\vector\debug\vector.tlog\link-rc.read.1.tlog
c:\users\argon\documents\visual studio 2015\projects\vector\vector\debug\vector.tlog\link-rc.write.1.tlog
c:\users\argon\documents\visual studio 2015\projects\vector\vector\debug\vector.tlog\link.6868-cvtres.read.1.tlog
c:\users\argon\documents\visual studio 2015\projects\vector\vector\debug\vector.tlog\link.6868-cvtres.write.1.tlog
c:\users\argon\documents\visual studio 2015\projects\vector\vector\debug\vector.tlog\link.6868-rc.read.1.tlog
c:\users\argon\documents\visual studio 2015\projects\vector\vector\debug\vector.tlog\link.6868-rc.write.1.tlog
c:\users\argon\documents\visual studio 2015\projects\vector\vector\debug\vector.tlog\link.6868.read.1.tlog
c:\users\argon\documents\visual studio 2015\projects\vector\vector\debug\vector.tlog\link.6868.write.1.tlog
c:\users\argon\documents\visual studio 2015\projects\vector\vector\debug\vector.tlog\link.command.1.tlog
c:\users\argon\documents\visual studio 2015\projects\vector\vector\debug\vector.tlog\link.read.1.tlog
c:\users\argon\documents\visual studio 2015\projects\vector\vector\debug\vector.tlog\link.write.1.tlog
